<?xml version="1.0" encoding="UTF-8"?>
<testsuite name="org.junit.Test.NetworkTest" tests="1" skipped="0" failures="0" errors="0" timestamp="2022-07-16T08:54:54" hostname="Andrews-MacBook-Pro.local" time="0.012">
  <properties/>
  <testcase name="testSigmoid[native]" classname="org.junit.Test.NetworkTest" time="0.012"/>
  <system-out><![CDATA[]]></system-out>
  <system-err><![CDATA[]]></system-err>
</testsuite>
